{
  "RSpec": {
    "coverage": {
      "/Users/samdevine/turing/1module/projects/night_writer/spec/dot_spec.rb": {
        "lines": [
          1,
          1,
          null,
          1,
          1,
          1,
          null,
          1,
          null,
          null,
          1,
          1,
          1,
          1,
          1,
          1,
          1,
          null,
          1,
          1,
          1,
          1,
          1,
          1,
          null,
          null
        ]
      },
      "/Users/samdevine/turing/1module/projects/night_writer/lib/dot.rb": {
        "lines": [
          1,
          1,
          null,
          1,
          null,
          97,
          null,
          null,
          null,
          null,
          null,
          null,
          null,
          null,
          null,
          null,
          null,
          null,
          null,
          null,
          null,
          null,
          null,
          null,
          null,
          null,
          null,
          null,
          null,
          null,
          null,
          null,
          null,
          null,
          null
        ]
      },
      "/Users/samdevine/turing/1module/projects/night_writer/spec/file_writer_spec.rb": {
        "lines": [
          1,
          1,
          1,
          null,
          1,
          1,
          1,
          1,
          null,
          null,
          1,
          1,
          null,
          null,
          null,
          1,
          1,
          3,
          null,
          null,
          1,
          1,
          1,
          null,
          1,
          1,
          null,
          null,
          1,
          1,
          null,
          1,
          1,
          null,
          null,
          1,
          1,
          null,
          1,
          null,
          null,
          null,
          1,
          1,
          3,
          null,
          null,
          1,
          1,
          1,
          null,
          1,
          1,
          null,
          null,
          1,
          1,
          null,
          1,
          1,
          null,
          null,
          1,
          1,
          null,
          1,
          null,
          null,
          null
        ]
      },
      "/Users/samdevine/turing/1module/projects/night_writer/lib/file_writer.rb": {
        "lines": [
          1,
          null,
          1,
          7,
          7,
          7,
          7,
          null,
          null,
          1,
          2,
          2,
          null,
          null,
          null,
          null,
          1,
          5,
          null,
          null,
          1,
          1,
          null,
          null,
          1,
          6,
          null,
          null,
          1,
          1,
          null,
          null,
          1,
          2,
          6,
          null,
          null,
          null,
          1,
          3,
          null,
          null,
          1,
          1,
          null,
          1,
          2,
          null,
          null,
          1,
          1,
          null,
          null
        ]
      },
      "/Users/samdevine/turing/1module/projects/night_writer/lib/translator.rb": {
        "lines": [
          null,
          null,
          null,
          null,
          null,
          1,
          1,
          1,
          null,
          1,
          1,
          null,
          1,
          null,
          null,
          1,
          15,
          15,
          null,
          null,
          1,
          15,
          90,
          null,
          null,
          null,
          1,
          15,
          15,
          390,
          null,
          15,
          15,
          null,
          null,
          1,
          406,
          2436,
          null,
          null,
          null,
          1,
          8,
          null,
          8,
          45,
          270,
          null,
          null,
          null,
          null,
          1,
          7,
          7,
          21,
          null,
          null,
          7,
          7,
          null,
          7,
          7,
          28,
          84,
          84,
          84,
          28,
          null,
          null,
          28,
          null,
          null,
          7,
          28,
          null,
          null,
          null,
          1,
          7,
          7,
          null,
          7,
          7,
          null,
          7,
          44,
          null,
          null,
          7,
          44,
          null,
          null,
          7,
          44,
          null,
          null,
          7,
          7,
          7,
          null,
          7,
          null,
          7,
          null,
          null,
          1,
          5,
          5,
          null,
          5,
          5,
          5,
          5,
          null,
          5,
          null,
          null
        ]
      },
      "/Users/samdevine/turing/1module/projects/night_writer/lib/readable_csv.rb": {
        "lines": [
          1,
          1,
          15,
          null,
          null
        ]
      },
      "/Users/samdevine/turing/1module/projects/night_writer/spec/translator_spec.rb": {
        "lines": [
          1,
          1,
          null,
          1,
          1,
          8,
          null,
          null,
          1,
          1,
          1,
          null,
          null,
          1,
          1,
          1,
          1,
          1,
          1,
          null,
          null,
          null,
          1,
          1,
          1,
          1,
          null,
          1,
          1,
          1,
          null,
          null,
          1,
          1,
          1,
          1,
          1,
          null,
          1,
          1,
          1,
          null,
          null,
          1,
          1,
          null,
          1,
          1,
          1,
          null,
          null,
          1,
          1,
          null,
          1,
          1,
          1,
          1,
          1,
          null,
          null,
          null,
          1,
          1,
          1,
          null,
          1,
          1,
          null,
          null,
          1,
          1,
          1,
          1,
          1,
          null,
          1,
          1,
          1,
          null,
          null,
          null
        ]
      }
    },
    "timestamp": 1632762242
  }
}
