{
  "RSpec": {
    "coverage": {
      "/Users/samdevine/turing/1module/projects/night_writer/spec/alpha_translator_spec.rb": {
        "lines": [
          1,
          1,
          null,
          1,
          1,
          6,
          null,
          null,
          1,
          1,
          1,
          null,
          null,
          1,
          1,
          null,
          1,
          1,
          1,
          1,
          1,
          null,
          null,
          null,
          1,
          1,
          1,
          1,
          1,
          1,
          null,
          1,
          1,
          1,
          1,
          1,
          null,
          null,
          1,
          1,
          null,
          1,
          1,
          1,
          null,
          null,
          1,
          1,
          null,
          1,
          1,
          1,
          1,
          1,
          null,
          null,
          1,
          1,
          null,
          1,
          1,
          1,
          1,
          1,
          null,
          null,
          null
        ]
      },
      "/Users/samdevine/turing/1module/projects/night_writer/lib/alpha_translator.rb": {
        "lines": [
          null,
          null,
          null,
          null,
          null,
          1,
          1,
          1,
          null,
          1,
          1,
          null,
          1,
          6,
          null,
          null,
          1,
          93,
          558,
          null,
          null,
          null,
          1,
          91,
          null,
          91,
          546,
          null,
          null,
          null,
          1,
          3,
          null,
          3,
          78,
          null,
          null,
          3,
          3,
          null,
          null,
          1,
          5,
          null,
          5,
          10,
          null,
          10,
          5,
          5,
          null,
          5,
          null,
          null,
          null,
          null,
          1,
          3,
          3,
          null,
          3,
          3,
          null,
          3,
          7,
          3,
          null,
          4,
          null,
          null,
          null,
          3,
          7,
          3,
          null,
          4,
          null,
          null,
          null,
          3,
          7,
          3,
          null,
          4,
          null,
          null,
          null,
          3,
          3,
          3,
          null,
          3,
          null,
          3,
          null,
          null
        ]
      },
      "/Users/samdevine/turing/1module/projects/night_writer/lib/readable_csv.rb": {
        "lines": [
          1,
          1,
          93,
          null,
          null
        ]
      },
      "/Users/samdevine/turing/1module/projects/night_writer/lib/dot.rb": {
        "lines": [
          null,
          null,
          null,
          null,
          null,
          null,
          1,
          1,
          null,
          1,
          null,
          558,
          null,
          null,
          null,
          null,
          null,
          null,
          null,
          null,
          null,
          null,
          null,
          null,
          null,
          null,
          null,
          null,
          null,
          null,
          null,
          null,
          null,
          null,
          null,
          null,
          null,
          null,
          null,
          null,
          null
        ]
      }
    },
    "timestamp": 1632845851
  }
}
